<?xml version="1.0" encoding="UTF-8"?>
<coverage generated="1596560381545" clover="3.2.0">
  <project timestamp="1596560381545" name="All files">
    <metrics statements="4" coveredstatements="4" conditionals="0" coveredconditionals="0" methods="2" coveredmethods="2" elements="6" coveredelements="6" complexity="0" loc="4" ncloc="4" packages="1" files="4" classes="4"/>
    <file name="CsvParser.js" path="C:\Users\Honeypot\Documents\Airmen Coders\GitHub\USAF-populatron-javascript\CsvParser.js">
      <metrics statements="0" coveredstatements="0" conditionals="0" coveredconditionals="0" methods="0" coveredmethods="0"/>
    </file>
    <file name="FileReader.js" path="C:\Users\Honeypot\Documents\Airmen Coders\GitHub\USAF-populatron-javascript\FileReader.js">
      <metrics statements="4" coveredstatements="4" conditionals="0" coveredconditionals="0" methods="2" coveredmethods="2"/>
      <line num="1" count="1" type="stmt"/>
      <line num="4" count="1" type="stmt"/>
      <line num="8" count="1" type="stmt"/>
      <line num="12" count="1" type="stmt"/>
    </file>
    <file name="PopulationCounter.js" path="C:\Users\Honeypot\Documents\Airmen Coders\GitHub\USAF-populatron-javascript\PopulationCounter.js">
      <metrics statements="0" coveredstatements="0" conditionals="0" coveredconditionals="0" methods="0" coveredmethods="0"/>
    </file>
    <file name="index.js" path="C:\Users\Honeypot\Documents\Airmen Coders\GitHub\USAF-populatron-javascript\index.js">
      <metrics statements="0" coveredstatements="0" conditionals="0" coveredconditionals="0" methods="0" coveredmethods="0"/>
    </file>
  </project>
</coverage>
