{"C:\\Users\\Honeypot\\Documents\\Airmen Coders\\GitHub\\USAF-populatron-javascript\\FileReader.js": {"path":"C:\\Users\\Honeypot\\Documents\\Airmen Coders\\GitHub\\USAF-populatron-javascript\\FileReader.js","statementMap":{"0":{"start":{"line":2,"column":10},"end":{"line":2,"column":23}},"1":{"start":{"line":5,"column":8},"end":{"line":5,"column":22}},"2":{"start":{"line":8,"column":19},"end":{"line":8,"column":40}},"3":{"start":{"line":9,"column":8},"end":{"line":9,"column":20}},"4":{"start":{"line":13,"column":0},"end":{"line":13,"column":28}}},"fnMap":{"0":{"name":"(anonymous_0)","decl":{"start":{"line":4,"column":4},"end":{"line":4,"column":5}},"loc":{"start":{"line":4,"column":18},"end":{"line":6,"column":5}},"line":4},"1":{"name":"(anonymous_1)","decl":{"start":{"line":7,"column":4},"end":{"line":7,"column":5}},"loc":{"start":{"line":7,"column":18},"end":{"line":10,"column":5}},"line":7}},"branchMap":{},"s":{"0":1,"1":1,"2":0,"3":0,"4":1},"f":{"0":1,"1":0},"b":{},"_coverageSchema":"1a1c01bbd47fc00a2c39e90264f33305004495a9","hash":"3ca4f8ae4adddaca3ae2e28e145f65a2d3de9a90"}
}
