{"C:\\Users\\Honeypot\\Documents\\Airmen Coders\\GitHub\\USAF-populatron-javascript\\CsvParser.js": {"path":"C:\\Users\\Honeypot\\Documents\\Airmen Coders\\GitHub\\USAF-populatron-javascript\\CsvParser.js","statementMap":{},"fnMap":{},"branchMap":{},"s":{},"f":{},"b":{},"_coverageSchema":"1a1c01bbd47fc00a2c39e90264f33305004495a9","hash":"8b3141e5c5c3b41d47c0aea5304a98126875542c"}
,"C:\\Users\\Honeypot\\Documents\\Airmen Coders\\GitHub\\USAF-populatron-javascript\\FileReader.js": {"path":"C:\\Users\\Honeypot\\Documents\\Airmen Coders\\GitHub\\USAF-populatron-javascript\\FileReader.js","statementMap":{"0":{"start":{"line":1,"column":10},"end":{"line":1,"column":23}},"1":{"start":{"line":4,"column":8},"end":{"line":4,"column":22}},"2":{"start":{"line":8,"column":8},"end":{"line":8,"column":48}},"3":{"start":{"line":12,"column":0},"end":{"line":12,"column":28}}},"fnMap":{"0":{"name":"(anonymous_0)","decl":{"start":{"line":3,"column":4},"end":{"line":3,"column":5}},"loc":{"start":{"line":3,"column":18},"end":{"line":5,"column":5}},"line":3},"1":{"name":"(anonymous_1)","decl":{"start":{"line":6,"column":4},"end":{"line":6,"column":5}},"loc":{"start":{"line":6,"column":18},"end":{"line":9,"column":5}},"line":6}},"branchMap":{},"s":{"0":1,"1":1,"2":1,"3":1},"f":{"0":1,"1":1},"b":{},"_coverageSchema":"1a1c01bbd47fc00a2c39e90264f33305004495a9","hash":"90bacfe07fb50e80df77d0ae0f6253d409adb125"}
,"C:\\Users\\Honeypot\\Documents\\Airmen Coders\\GitHub\\USAF-populatron-javascript\\PopulationCounter.js": {"path":"C:\\Users\\Honeypot\\Documents\\Airmen Coders\\GitHub\\USAF-populatron-javascript\\PopulationCounter.js","statementMap":{},"fnMap":{},"branchMap":{},"s":{},"f":{},"b":{},"_coverageSchema":"1a1c01bbd47fc00a2c39e90264f33305004495a9","hash":"e3196f0ae21eaad24521fccc52f7ade833a1461b"}
,"C:\\Users\\Honeypot\\Documents\\Airmen Coders\\GitHub\\USAF-populatron-javascript\\index.js": {"path":"C:\\Users\\Honeypot\\Documents\\Airmen Coders\\GitHub\\USAF-populatron-javascript\\index.js","statementMap":{},"fnMap":{},"branchMap":{},"s":{},"f":{},"b":{},"_coverageSchema":"1a1c01bbd47fc00a2c39e90264f33305004495a9","hash":"caa547ebc5ae38de3f07038e2ceff83b3ca3ba31"}
}
